<?xml version="1.0" encoding="UTF-8"?>
<!-- Generated by org.testng.reporters.JUnitXMLReporter -->
<testsuite ignored="0" hostname="SravanBugga" failures="1" tests="1" name="Default test(failed)(failed)" time="9.112" errors="0" timestamp="2024-06-09T12:46:40 IST">
  <testcase classname="testCases.TC_001_AccountRegistarionTest" name="verify_Account_Register" time="5.92">
    <failure type="java.lang.AssertionError" message="null">
      <![CDATA[java.lang.AssertionError: null
at testCases.TC_001_AccountRegistarionTest.verify_Account_Register(TC_001_AccountRegistarionTest.java:39)
at java.base/java.util.ArrayList.forEach(ArrayList.java:1596)
... Removed 27 stack frames]]>
    </failure>
  </testcase> <!-- verify_Account_Register -->
</testsuite> <!-- Default test(failed)(failed) -->
